11/26/2019 14:10:59 INFO 	Go Go Go!
11/26/2019 14:10:59 INFO 	Add a homogenized solution reference.
11/26/2019 14:10:59 INFO 	Add a homogenized solution reference.
11/26/2019 14:10:59 INFO 	Add a homogenized solution reference.
11/26/2019 14:10:59 INFO 	Add a homogenized solution reference.
11/26/2019 14:10:59 INFO 		Projection performed, 100.00% elems have been shifted.
11/26/2019 14:10:59 INFO 		Projection performed, 100.00% elems have been shifted.
11/26/2019 14:10:59 INFO 		Projection performed, 100.00% elems have been shifted.
11/26/2019 14:10:59 INFO 	Optimization step index=0, current object value=0.00416, coefficient descends 0.00031, opt cycle consuming time=0.055.
11/26/2019 14:10:59 INFO 		Projection performed, 100.00% elems have been shifted.
11/26/2019 14:10:59 INFO 		Projection performed, 100.00% elems have been shifted.
11/26/2019 14:10:59 INFO 		Projection performed, 100.00% elems have been shifted.
11/26/2019 14:10:59 INFO 		Projection performed, 100.00% elems have been shifted.
11/26/2019 14:10:59 INFO 	Optimization step index=1, current object value=0.00416, coefficient descends 0.00004, opt cycle consuming time=0.072.
11/26/2019 14:10:59 INFO 		Projection performed, 100.00% elems have been shifted.
11/26/2019 14:10:59 INFO 		Projection performed, 100.00% elems have been shifted.
11/26/2019 14:10:59 INFO 		Projection performed, 100.00% elems have been shifted.
11/26/2019 14:10:59 INFO 		Projection performed, 100.00% elems have been shifted.
11/26/2019 14:10:59 INFO 		Projection performed, 100.00% elems have been shifted.
11/26/2019 14:10:59 INFO 		Projection performed, 100.00% elems have been shifted.
11/26/2019 14:10:59 INFO 	Optimization process ends successfully.
