11/26/2019 14:11:18 INFO 	Go Go Go!
11/26/2019 14:11:18 INFO 	Add a homogenized solution reference.
11/26/2019 14:11:18 INFO 	Add a homogenized solution reference.
11/26/2019 14:11:18 INFO 	Add a homogenized solution reference.
11/26/2019 14:11:18 INFO 	Add a homogenized solution reference.
11/26/2019 14:11:18 INFO 		Projection performed, 100.00% elems have been shifted.
11/26/2019 14:11:18 INFO 	Optimization step index=0, current object value=0.00876, coefficient descends 0.00383, opt cycle consuming time=0.024.
11/26/2019 14:11:18 INFO 		Projection performed, 100.00% elems have been shifted.
11/26/2019 14:11:18 INFO 	Optimization step index=1, current object value=0.00864, coefficient descends 0.00381, opt cycle consuming time=0.021.
11/26/2019 14:11:18 INFO 		Projection performed, 100.00% elems have been shifted.
11/26/2019 14:11:18 INFO 	Optimization step index=2, current object value=0.00851, coefficient descends 0.00378, opt cycle consuming time=0.027.
11/26/2019 14:11:18 INFO 		Projection performed, 100.00% elems have been shifted.
11/26/2019 14:11:18 INFO 	Optimization step index=3, current object value=0.00839, coefficient descends 0.00376, opt cycle consuming time=0.021.
11/26/2019 14:11:18 INFO 		Projection performed, 100.00% elems have been shifted.
11/26/2019 14:11:18 INFO 	Optimization step index=4, current object value=0.00828, coefficient descends 0.00373, opt cycle consuming time=0.020.
11/26/2019 14:11:18 INFO 		Projection performed, 100.00% elems have been shifted.
11/26/2019 14:11:18 INFO 	Optimization step index=5, current object value=0.00816, coefficient descends 0.00371, opt cycle consuming time=0.018.
11/26/2019 14:11:18 INFO 		Projection performed, 100.00% elems have been shifted.
11/26/2019 14:11:18 INFO 	Optimization step index=6, current object value=0.00805, coefficient descends 0.00369, opt cycle consuming time=0.017.
11/26/2019 14:11:18 INFO 		Projection performed, 100.00% elems have been shifted.
11/26/2019 14:11:18 INFO 	Optimization step index=7, current object value=0.00794, coefficient descends 0.00367, opt cycle consuming time=0.018.
11/26/2019 14:11:18 INFO 		Projection performed, 100.00% elems have been shifted.
11/26/2019 14:11:18 INFO 	Optimization step index=8, current object value=0.00783, coefficient descends 0.00364, opt cycle consuming time=0.022.
11/26/2019 14:11:18 INFO 		Projection performed, 100.00% elems have been shifted.
11/26/2019 14:11:18 INFO 	Optimization step index=9, current object value=0.00773, coefficient descends 0.00362, opt cycle consuming time=0.022.
11/26/2019 14:11:18 INFO 		Projection performed, 100.00% elems have been shifted.
11/26/2019 14:11:18 INFO 	Optimization step index=10, current object value=0.00762, coefficient descends 0.00360, opt cycle consuming time=0.021.
11/26/2019 14:11:18 INFO 		Projection performed, 100.00% elems have been shifted.
11/26/2019 14:11:18 INFO 	Optimization step index=11, current object value=0.00752, coefficient descends 0.00358, opt cycle consuming time=0.018.
11/26/2019 14:11:18 INFO 		Projection performed, 100.00% elems have been shifted.
11/26/2019 14:11:18 INFO 	Optimization step index=12, current object value=0.00743, coefficient descends 0.00356, opt cycle consuming time=0.018.
11/26/2019 14:11:18 INFO 		Projection performed, 100.00% elems have been shifted.
11/26/2019 14:11:18 INFO 	Optimization step index=13, current object value=0.00733, coefficient descends 0.00354, opt cycle consuming time=0.018.
11/26/2019 14:11:18 INFO 		Projection performed, 100.00% elems have been shifted.
11/26/2019 14:11:18 INFO 	Optimization step index=14, current object value=0.00724, coefficient descends 0.00351, opt cycle consuming time=0.017.
11/26/2019 14:11:18 INFO 		Projection performed, 100.00% elems have been shifted.
11/26/2019 14:11:18 INFO 	Optimization step index=15, current object value=0.00715, coefficient descends 0.00349, opt cycle consuming time=0.017.
11/26/2019 14:11:18 INFO 		Projection performed, 100.00% elems have been shifted.
11/26/2019 14:11:18 INFO 	Optimization step index=16, current object value=0.00706, coefficient descends 0.00347, opt cycle consuming time=0.018.
11/26/2019 14:11:18 INFO 		Projection performed, 100.00% elems have been shifted.
11/26/2019 14:11:18 INFO 	Optimization step index=17, current object value=0.00698, coefficient descends 0.00346, opt cycle consuming time=0.022.
11/26/2019 14:11:18 INFO 		Projection performed, 100.00% elems have been shifted.
11/26/2019 14:11:18 INFO 	Optimization step index=18, current object value=0.00690, coefficient descends 0.00344, opt cycle consuming time=0.022.
11/26/2019 14:11:18 INFO 		Projection performed, 100.00% elems have been shifted.
11/26/2019 14:11:18 INFO 	Optimization step index=19, current object value=0.00682, coefficient descends 0.00342, opt cycle consuming time=0.021.
11/26/2019 14:11:18 INFO 		Projection performed, 100.00% elems have been shifted.
11/26/2019 14:11:19 INFO 	Optimization step index=20, current object value=0.00674, coefficient descends 0.00340, opt cycle consuming time=0.022.
11/26/2019 14:11:19 INFO 		Projection performed, 100.00% elems have been shifted.
11/26/2019 14:11:19 INFO 	Optimization step index=21, current object value=0.00667, coefficient descends 0.00338, opt cycle consuming time=0.021.
11/26/2019 14:11:19 INFO 		Projection performed, 100.00% elems have been shifted.
11/26/2019 14:11:19 INFO 	Optimization step index=22, current object value=0.00660, coefficient descends 0.00336, opt cycle consuming time=0.022.
11/26/2019 14:11:19 INFO 		Projection performed, 100.00% elems have been shifted.
11/26/2019 14:11:19 INFO 	Optimization step index=23, current object value=0.00653, coefficient descends 0.00335, opt cycle consuming time=0.023.
11/26/2019 14:11:19 INFO 		Projection performed, 100.00% elems have been shifted.
11/26/2019 14:11:19 INFO 	Optimization step index=24, current object value=0.00646, coefficient descends 0.00333, opt cycle consuming time=0.022.
11/26/2019 14:11:19 INFO 		Projection performed, 100.00% elems have been shifted.
11/26/2019 14:11:19 INFO 	Optimization step index=25, current object value=0.00639, coefficient descends 0.00331, opt cycle consuming time=0.023.
11/26/2019 14:11:19 INFO 		Projection performed, 100.00% elems have been shifted.
11/26/2019 14:11:19 INFO 	Optimization step index=26, current object value=0.00633, coefficient descends 0.00330, opt cycle consuming time=0.023.
11/26/2019 14:11:19 INFO 		Projection performed, 100.00% elems have been shifted.
11/26/2019 14:11:19 INFO 	Optimization step index=27, current object value=0.00627, coefficient descends 0.00328, opt cycle consuming time=0.023.
11/26/2019 14:11:19 INFO 		Projection performed, 100.00% elems have been shifted.
11/26/2019 14:11:19 INFO 	Optimization step index=28, current object value=0.00621, coefficient descends 0.00327, opt cycle consuming time=0.022.
11/26/2019 14:11:19 INFO 		Projection performed, 100.00% elems have been shifted.
11/26/2019 14:11:19 INFO 	Optimization step index=29, current object value=0.00616, coefficient descends 0.00325, opt cycle consuming time=0.023.
11/26/2019 14:11:19 INFO 		Projection performed, 100.00% elems have been shifted.
11/26/2019 14:11:19 INFO 	Optimization step index=30, current object value=0.00610, coefficient descends 0.00324, opt cycle consuming time=0.022.
11/26/2019 14:11:19 INFO 		Projection performed, 100.00% elems have been shifted.
11/26/2019 14:11:19 INFO 	Optimization step index=31, current object value=0.00605, coefficient descends 0.00322, opt cycle consuming time=0.019.
11/26/2019 14:11:19 INFO 		Projection performed, 100.00% elems have been shifted.
11/26/2019 14:11:19 INFO 	Optimization step index=32, current object value=0.00600, coefficient descends 0.00321, opt cycle consuming time=0.022.
11/26/2019 14:11:19 INFO 		Projection performed, 100.00% elems have been shifted.
11/26/2019 14:11:19 INFO 	Optimization step index=33, current object value=0.00595, coefficient descends 0.00320, opt cycle consuming time=0.022.
11/26/2019 14:11:19 INFO 		Projection performed, 100.00% elems have been shifted.
11/26/2019 14:11:19 INFO 	Optimization step index=34, current object value=0.00590, coefficient descends 0.00318, opt cycle consuming time=0.020.
11/26/2019 14:11:19 INFO 		Projection performed, 100.00% elems have been shifted.
11/26/2019 14:11:19 INFO 	Optimization step index=35, current object value=0.00586, coefficient descends 0.00317, opt cycle consuming time=0.021.
11/26/2019 14:11:19 INFO 		Projection performed, 100.00% elems have been shifted.
11/26/2019 14:11:19 INFO 	Optimization step index=36, current object value=0.00581, coefficient descends 0.00316, opt cycle consuming time=0.017.
11/26/2019 14:11:19 INFO 		Projection performed, 100.00% elems have been shifted.
11/26/2019 14:11:19 INFO 	Optimization step index=37, current object value=0.00577, coefficient descends 0.00315, opt cycle consuming time=0.017.
11/26/2019 14:11:19 INFO 		Projection performed, 100.00% elems have been shifted.
11/26/2019 14:11:19 INFO 	Optimization step index=38, current object value=0.00573, coefficient descends 0.00314, opt cycle consuming time=0.017.
11/26/2019 14:11:19 INFO 		Projection performed, 100.00% elems have been shifted.
11/26/2019 14:11:19 INFO 	Optimization step index=39, current object value=0.00569, coefficient descends 0.00312, opt cycle consuming time=0.017.
11/26/2019 14:11:19 INFO 		Projection performed, 100.00% elems have been shifted.
11/26/2019 14:11:19 INFO 	Optimization step index=40, current object value=0.00565, coefficient descends 0.00311, opt cycle consuming time=0.017.
11/26/2019 14:11:19 INFO 		Projection performed, 100.00% elems have been shifted.
11/26/2019 14:11:19 INFO 	Optimization step index=41, current object value=0.00562, coefficient descends 0.00310, opt cycle consuming time=0.017.
11/26/2019 14:11:19 INFO 		Projection performed, 100.00% elems have been shifted.
11/26/2019 14:11:19 INFO 	Optimization step index=42, current object value=0.00558, coefficient descends 0.00309, opt cycle consuming time=0.017.
11/26/2019 14:11:19 INFO 		Projection performed, 100.00% elems have been shifted.
11/26/2019 14:11:19 INFO 	Optimization step index=43, current object value=0.00554, coefficient descends 0.00308, opt cycle consuming time=0.020.
11/26/2019 14:11:19 INFO 		Projection performed, 100.00% elems have been shifted.
11/26/2019 14:11:19 INFO 	Optimization step index=44, current object value=0.00551, coefficient descends 0.00307, opt cycle consuming time=0.022.
11/26/2019 14:11:19 INFO 		Projection performed, 100.00% elems have been shifted.
11/26/2019 14:11:19 INFO 	Optimization step index=45, current object value=0.00548, coefficient descends 0.00306, opt cycle consuming time=0.022.
11/26/2019 14:11:19 INFO 		Projection performed, 100.00% elems have been shifted.
11/26/2019 14:11:19 INFO 	Optimization step index=46, current object value=0.00544, coefficient descends 0.00306, opt cycle consuming time=0.021.
11/26/2019 14:11:19 INFO 		Projection performed, 100.00% elems have been shifted.
11/26/2019 14:11:19 INFO 	Optimization step index=47, current object value=0.00541, coefficient descends 0.00305, opt cycle consuming time=0.022.
11/26/2019 14:11:19 INFO 		Projection performed, 100.00% elems have been shifted.
11/26/2019 14:11:19 INFO 	Optimization step index=48, current object value=0.00538, coefficient descends 0.00304, opt cycle consuming time=0.025.
11/26/2019 14:11:19 INFO 		Projection performed, 100.00% elems have been shifted.
11/26/2019 14:11:19 INFO 	Optimization step index=49, current object value=0.00535, coefficient descends 0.00303, opt cycle consuming time=0.022.
11/26/2019 14:11:19 INFO 		Projection performed, 100.00% elems have been shifted.
11/26/2019 14:11:19 INFO 	Optimization step index=50, current object value=0.00532, coefficient descends 0.00302, opt cycle consuming time=0.025.
11/26/2019 14:11:19 INFO 		Projection performed, 100.00% elems have been shifted.
11/26/2019 14:11:19 INFO 	Optimization step index=51, current object value=0.00529, coefficient descends 0.00301, opt cycle consuming time=0.023.
11/26/2019 14:11:19 INFO 		Projection performed, 100.00% elems have been shifted.
11/26/2019 14:11:19 INFO 	Optimization step index=52, current object value=0.00526, coefficient descends 0.00300, opt cycle consuming time=0.021.
11/26/2019 14:11:19 INFO 		Projection performed, 100.00% elems have been shifted.
11/26/2019 14:11:19 INFO 	Optimization step index=53, current object value=0.00523, coefficient descends 0.00300, opt cycle consuming time=0.022.
11/26/2019 14:11:19 INFO 		Projection performed, 100.00% elems have been shifted.
11/26/2019 14:11:19 INFO 	Optimization step index=54, current object value=0.00521, coefficient descends 0.00299, opt cycle consuming time=0.024.
11/26/2019 14:11:19 INFO 		Projection performed, 100.00% elems have been shifted.
11/26/2019 14:11:19 INFO 	Optimization step index=55, current object value=0.00518, coefficient descends 0.00298, opt cycle consuming time=0.023.
11/26/2019 14:11:19 INFO 		Projection performed, 100.00% elems have been shifted.
11/26/2019 14:11:19 INFO 	Optimization step index=56, current object value=0.00516, coefficient descends 0.00297, opt cycle consuming time=0.022.
11/26/2019 14:11:19 INFO 		Projection performed, 100.00% elems have been shifted.
11/26/2019 14:11:19 INFO 	Optimization step index=57, current object value=0.00513, coefficient descends 0.00297, opt cycle consuming time=0.018.
11/26/2019 14:11:19 INFO 		Projection performed, 100.00% elems have been shifted.
11/26/2019 14:11:19 INFO 	Optimization step index=58, current object value=0.00510, coefficient descends 0.00296, opt cycle consuming time=0.018.
11/26/2019 14:11:19 INFO 		Projection performed, 100.00% elems have been shifted.
11/26/2019 14:11:19 INFO 	Optimization step index=59, current object value=0.00508, coefficient descends 0.00295, opt cycle consuming time=0.017.
11/26/2019 14:11:19 INFO 		Projection performed, 100.00% elems have been shifted.
11/26/2019 14:11:19 INFO 	Optimization step index=60, current object value=0.00506, coefficient descends 0.00295, opt cycle consuming time=0.018.
11/26/2019 14:11:19 INFO 		Projection performed, 100.00% elems have been shifted.
11/26/2019 14:11:19 INFO 	Optimization step index=61, current object value=0.00503, coefficient descends 0.00294, opt cycle consuming time=0.017.
11/26/2019 14:11:19 INFO 		Projection performed, 100.00% elems have been shifted.
11/26/2019 14:11:19 INFO 	Optimization step index=62, current object value=0.00501, coefficient descends 0.00293, opt cycle consuming time=0.018.
11/26/2019 14:11:19 INFO 		Projection performed, 100.00% elems have been shifted.
11/26/2019 14:11:19 INFO 	Optimization step index=63, current object value=0.00499, coefficient descends 0.00293, opt cycle consuming time=0.018.
11/26/2019 14:11:19 INFO 		Projection performed, 100.00% elems have been shifted.
11/26/2019 14:11:19 INFO 	Optimization step index=64, current object value=0.00496, coefficient descends 0.00292, opt cycle consuming time=0.018.
11/26/2019 14:11:19 INFO 		Projection performed, 100.00% elems have been shifted.
11/26/2019 14:11:19 INFO 	Optimization step index=65, current object value=0.00494, coefficient descends 0.00292, opt cycle consuming time=0.022.
11/26/2019 14:11:19 INFO 		Projection performed, 100.00% elems have been shifted.
11/26/2019 14:11:19 INFO 	Optimization step index=66, current object value=0.00492, coefficient descends 0.00291, opt cycle consuming time=0.022.
11/26/2019 14:11:19 INFO 		Projection performed, 100.00% elems have been shifted.
11/26/2019 14:11:19 INFO 	Optimization step index=67, current object value=0.00491, coefficient descends 0.00290, opt cycle consuming time=0.022.
11/26/2019 14:11:19 INFO 		Projection performed, 100.00% elems have been shifted.
11/26/2019 14:11:20 INFO 	Optimization step index=68, current object value=0.00489, coefficient descends 0.00290, opt cycle consuming time=0.020.
11/26/2019 14:11:20 INFO 		Projection performed, 100.00% elems have been shifted.
11/26/2019 14:11:20 INFO 	Optimization step index=69, current object value=0.00487, coefficient descends 0.00289, opt cycle consuming time=0.021.
11/26/2019 14:11:20 INFO 		Projection performed, 100.00% elems have been shifted.
11/26/2019 14:11:20 INFO 	Optimization step index=70, current object value=0.00485, coefficient descends 0.00289, opt cycle consuming time=0.022.
11/26/2019 14:11:20 INFO 		Projection performed, 100.00% elems have been shifted.
11/26/2019 14:11:20 INFO 	Optimization step index=71, current object value=0.00484, coefficient descends 0.00288, opt cycle consuming time=0.021.
11/26/2019 14:11:20 INFO 		Projection performed, 100.00% elems have been shifted.
11/26/2019 14:11:20 INFO 	Optimization step index=72, current object value=0.00483, coefficient descends 0.00288, opt cycle consuming time=0.021.
11/26/2019 14:11:20 INFO 		Projection performed, 100.00% elems have been shifted.
11/26/2019 14:11:20 INFO 	Optimization step index=73, current object value=0.00482, coefficient descends 0.00288, opt cycle consuming time=0.022.
11/26/2019 14:11:20 INFO 		Projection performed, 100.00% elems have been shifted.
11/26/2019 14:11:20 INFO 	Optimization step index=74, current object value=0.00480, coefficient descends 0.00287, opt cycle consuming time=0.022.
11/26/2019 14:11:20 INFO 		Projection performed, 100.00% elems have been shifted.
11/26/2019 14:11:20 INFO 	Optimization step index=75, current object value=0.00479, coefficient descends 0.00287, opt cycle consuming time=0.022.
11/26/2019 14:11:20 INFO 		Projection performed, 100.00% elems have been shifted.
11/26/2019 14:11:20 INFO 	Optimization step index=76, current object value=0.00478, coefficient descends 0.00286, opt cycle consuming time=0.023.
11/26/2019 14:11:20 INFO 		Projection performed, 100.00% elems have been shifted.
11/26/2019 14:11:20 INFO 	Optimization step index=77, current object value=0.00477, coefficient descends 0.00286, opt cycle consuming time=0.021.
11/26/2019 14:11:20 INFO 		Projection performed, 100.00% elems have been shifted.
11/26/2019 14:11:20 INFO 	Optimization step index=78, current object value=0.00476, coefficient descends 0.00286, opt cycle consuming time=0.023.
11/26/2019 14:11:20 INFO 		Projection performed, 100.00% elems have been shifted.
11/26/2019 14:11:20 INFO 	Optimization step index=79, current object value=0.00475, coefficient descends 0.00285, opt cycle consuming time=0.021.
11/26/2019 14:11:20 INFO 		Projection performed, 100.00% elems have been shifted.
11/26/2019 14:11:20 INFO 	Optimization step index=80, current object value=0.00474, coefficient descends 0.00285, opt cycle consuming time=0.022.
11/26/2019 14:11:20 INFO 		Projection performed, 100.00% elems have been shifted.
11/26/2019 14:11:20 INFO 	Optimization step index=81, current object value=0.00473, coefficient descends 0.00285, opt cycle consuming time=0.021.
11/26/2019 14:11:20 INFO 		Projection performed, 100.00% elems have been shifted.
11/26/2019 14:11:20 INFO 	Optimization step index=82, current object value=0.00472, coefficient descends 0.00284, opt cycle consuming time=0.022.
11/26/2019 14:11:20 INFO 		Projection performed, 100.00% elems have been shifted.
11/26/2019 14:11:20 INFO 	Optimization step index=83, current object value=0.00471, coefficient descends 0.00284, opt cycle consuming time=0.019.
11/26/2019 14:11:20 INFO 		Projection performed, 100.00% elems have been shifted.
11/26/2019 14:11:20 INFO 	Optimization step index=84, current object value=0.00470, coefficient descends 0.00284, opt cycle consuming time=0.022.
11/26/2019 14:11:20 INFO 		Projection performed, 100.00% elems have been shifted.
11/26/2019 14:11:20 INFO 	Optimization step index=85, current object value=0.00469, coefficient descends 0.00283, opt cycle consuming time=0.023.
11/26/2019 14:11:20 INFO 		Projection performed, 100.00% elems have been shifted.
11/26/2019 14:11:20 INFO 	Optimization step index=86, current object value=0.00468, coefficient descends 0.00283, opt cycle consuming time=0.023.
11/26/2019 14:11:20 INFO 		Projection performed, 100.00% elems have been shifted.
11/26/2019 14:11:20 INFO 	Optimization step index=87, current object value=0.00468, coefficient descends 0.00283, opt cycle consuming time=0.023.
11/26/2019 14:11:20 INFO 		Projection performed, 100.00% elems have been shifted.
11/26/2019 14:11:20 INFO 	Optimization step index=88, current object value=0.00467, coefficient descends 0.00283, opt cycle consuming time=0.023.
11/26/2019 14:11:20 INFO 		Projection performed, 100.00% elems have been shifted.
11/26/2019 14:11:20 INFO 	Optimization step index=89, current object value=0.00466, coefficient descends 0.00282, opt cycle consuming time=0.021.
11/26/2019 14:11:20 INFO 		Projection performed, 100.00% elems have been shifted.
11/26/2019 14:11:20 INFO 	Optimization step index=90, current object value=0.00466, coefficient descends 0.00282, opt cycle consuming time=0.023.
11/26/2019 14:11:20 INFO 		Projection performed, 100.00% elems have been shifted.
11/26/2019 14:11:20 INFO 	Optimization step index=91, current object value=0.00465, coefficient descends 0.00282, opt cycle consuming time=0.023.
11/26/2019 14:11:20 INFO 		Projection performed, 100.00% elems have been shifted.
11/26/2019 14:11:20 INFO 	Optimization step index=92, current object value=0.00464, coefficient descends 0.00282, opt cycle consuming time=0.021.
11/26/2019 14:11:20 INFO 		Projection performed, 100.00% elems have been shifted.
11/26/2019 14:11:20 INFO 	Optimization step index=93, current object value=0.00464, coefficient descends 0.00281, opt cycle consuming time=0.024.
11/26/2019 14:11:20 INFO 		Projection performed, 100.00% elems have been shifted.
11/26/2019 14:11:20 INFO 	Optimization step index=94, current object value=0.00463, coefficient descends 0.00281, opt cycle consuming time=0.022.
11/26/2019 14:11:20 INFO 		Projection performed, 100.00% elems have been shifted.
11/26/2019 14:11:20 INFO 	Optimization step index=95, current object value=0.00462, coefficient descends 0.00281, opt cycle consuming time=0.021.
11/26/2019 14:11:20 INFO 		Projection performed, 100.00% elems have been shifted.
11/26/2019 14:11:20 INFO 	Optimization step index=96, current object value=0.00462, coefficient descends 0.00281, opt cycle consuming time=0.022.
11/26/2019 14:11:20 INFO 		Projection performed, 100.00% elems have been shifted.
11/26/2019 14:11:20 INFO 	Optimization step index=97, current object value=0.00461, coefficient descends 0.00280, opt cycle consuming time=0.025.
11/26/2019 14:11:20 INFO 		Projection performed, 100.00% elems have been shifted.
11/26/2019 14:11:20 INFO 	Optimization step index=98, current object value=0.00460, coefficient descends 0.00280, opt cycle consuming time=0.017.
11/26/2019 14:11:20 INFO 		Projection performed, 100.00% elems have been shifted.
11/26/2019 14:11:20 INFO 	Optimization step index=99, current object value=0.00460, coefficient descends 0.00280, opt cycle consuming time=0.019.
11/26/2019 14:11:20 INFO 		Projection performed, 100.00% elems have been shifted.
11/26/2019 14:11:20 INFO 	Optimization step index=100, current object value=0.00459, coefficient descends 0.00280, opt cycle consuming time=0.023.
11/26/2019 14:11:20 INFO 		Projection performed, 100.00% elems have been shifted.
11/26/2019 14:11:20 INFO 	Optimization step index=101, current object value=0.00459, coefficient descends 0.00279, opt cycle consuming time=0.023.
11/26/2019 14:11:20 INFO 		Projection performed, 100.00% elems have been shifted.
11/26/2019 14:11:20 INFO 	Optimization step index=102, current object value=0.00458, coefficient descends 0.00279, opt cycle consuming time=0.023.
11/26/2019 14:11:20 INFO 		Projection performed, 100.00% elems have been shifted.
11/26/2019 14:11:20 INFO 	Optimization step index=103, current object value=0.00458, coefficient descends 0.00279, opt cycle consuming time=0.025.
11/26/2019 14:11:20 INFO 		Projection performed, 100.00% elems have been shifted.
11/26/2019 14:11:20 INFO 	Optimization step index=104, current object value=0.00457, coefficient descends 0.00279, opt cycle consuming time=0.023.
11/26/2019 14:11:20 INFO 		Projection performed, 100.00% elems have been shifted.
11/26/2019 14:11:20 INFO 	Optimization step index=105, current object value=0.00457, coefficient descends 0.00279, opt cycle consuming time=0.018.
11/26/2019 14:11:20 INFO 		Projection performed, 100.00% elems have been shifted.
11/26/2019 14:11:20 INFO 	Optimization step index=106, current object value=0.00457, coefficient descends 0.00279, opt cycle consuming time=0.018.
11/26/2019 14:11:20 INFO 		Projection performed, 100.00% elems have been shifted.
11/26/2019 14:11:20 INFO 	Optimization step index=107, current object value=0.00456, coefficient descends 0.00278, opt cycle consuming time=0.017.
11/26/2019 14:11:20 INFO 		Projection performed, 100.00% elems have been shifted.
11/26/2019 14:11:20 INFO 	Optimization step index=108, current object value=0.00456, coefficient descends 0.00278, opt cycle consuming time=0.017.
11/26/2019 14:11:20 INFO 		Projection performed, 100.00% elems have been shifted.
11/26/2019 14:11:20 INFO 	Optimization step index=109, current object value=0.00456, coefficient descends 0.00278, opt cycle consuming time=0.018.
11/26/2019 14:11:20 INFO 		Projection performed, 100.00% elems have been shifted.
11/26/2019 14:11:20 INFO 	Optimization step index=110, current object value=0.00455, coefficient descends 0.00278, opt cycle consuming time=0.023.
11/26/2019 14:11:20 INFO 		Projection performed, 100.00% elems have been shifted.
11/26/2019 14:11:20 INFO 	Optimization step index=111, current object value=0.00455, coefficient descends 0.00278, opt cycle consuming time=0.022.
11/26/2019 14:11:20 INFO 		Projection performed, 100.00% elems have been shifted.
11/26/2019 14:11:20 INFO 	Optimization step index=112, current object value=0.00455, coefficient descends 0.00278, opt cycle consuming time=0.021.
11/26/2019 14:11:20 INFO 		Projection performed, 100.00% elems have been shifted.
11/26/2019 14:11:20 INFO 	Optimization step index=113, current object value=0.00454, coefficient descends 0.00278, opt cycle consuming time=0.023.
11/26/2019 14:11:20 INFO 		Projection performed, 100.00% elems have been shifted.
11/26/2019 14:11:21 INFO 	Optimization step index=114, current object value=0.00454, coefficient descends 0.00278, opt cycle consuming time=0.025.
11/26/2019 14:11:21 INFO 		Projection performed, 100.00% elems have been shifted.
11/26/2019 14:11:21 INFO 	Optimization step index=115, current object value=0.00454, coefficient descends 0.00278, opt cycle consuming time=0.032.
11/26/2019 14:11:21 INFO 		Projection performed, 100.00% elems have been shifted.
11/26/2019 14:11:21 INFO 	Optimization step index=116, current object value=0.00453, coefficient descends 0.00277, opt cycle consuming time=0.021.
11/26/2019 14:11:21 INFO 		Projection performed, 100.00% elems have been shifted.
11/26/2019 14:11:21 INFO 	Optimization step index=117, current object value=0.00453, coefficient descends 0.00277, opt cycle consuming time=0.024.
11/26/2019 14:11:21 INFO 		Projection performed, 100.00% elems have been shifted.
11/26/2019 14:11:21 INFO 	Optimization step index=118, current object value=0.00453, coefficient descends 0.00277, opt cycle consuming time=0.026.
11/26/2019 14:11:21 INFO 		Projection performed, 100.00% elems have been shifted.
11/26/2019 14:11:21 INFO 	Optimization step index=119, current object value=0.00452, coefficient descends 0.00277, opt cycle consuming time=0.035.
11/26/2019 14:11:21 INFO 		Projection performed, 100.00% elems have been shifted.
11/26/2019 14:11:21 INFO 	Optimization step index=120, current object value=0.00452, coefficient descends 0.00277, opt cycle consuming time=0.020.
11/26/2019 14:11:21 INFO 		Projection performed, 100.00% elems have been shifted.
11/26/2019 14:11:21 INFO 	Optimization step index=121, current object value=0.00452, coefficient descends 0.00277, opt cycle consuming time=0.022.
11/26/2019 14:11:21 INFO 		Projection performed, 100.00% elems have been shifted.
11/26/2019 14:11:21 INFO 	Optimization step index=122, current object value=0.00452, coefficient descends 0.00277, opt cycle consuming time=0.026.
11/26/2019 14:11:21 INFO 		Projection performed, 100.00% elems have been shifted.
11/26/2019 14:11:21 INFO 	Optimization step index=123, current object value=0.00451, coefficient descends 0.00277, opt cycle consuming time=0.024.
11/26/2019 14:11:21 INFO 		Projection performed, 100.00% elems have been shifted.
11/26/2019 14:11:21 INFO 	Optimization step index=124, current object value=0.00451, coefficient descends 0.00277, opt cycle consuming time=0.025.
11/26/2019 14:11:21 INFO 		Projection performed, 100.00% elems have been shifted.
11/26/2019 14:11:21 INFO 	Optimization step index=125, current object value=0.00451, coefficient descends 0.00277, opt cycle consuming time=0.022.
11/26/2019 14:11:21 INFO 		Projection performed, 100.00% elems have been shifted.
11/26/2019 14:11:21 INFO 	Optimization step index=126, current object value=0.00451, coefficient descends 0.00276, opt cycle consuming time=0.022.
11/26/2019 14:11:21 INFO 		Projection performed, 100.00% elems have been shifted.
11/26/2019 14:11:21 INFO 	Optimization step index=127, current object value=0.00450, coefficient descends 0.00276, opt cycle consuming time=0.028.
11/26/2019 14:11:21 INFO 		Projection performed, 100.00% elems have been shifted.
11/26/2019 14:11:21 INFO 	Optimization step index=128, current object value=0.00450, coefficient descends 0.00276, opt cycle consuming time=0.032.
11/26/2019 14:11:21 INFO 		Projection performed, 100.00% elems have been shifted.
11/26/2019 14:11:21 INFO 	Optimization step index=129, current object value=0.00450, coefficient descends 0.00276, opt cycle consuming time=0.026.
11/26/2019 14:11:21 INFO 		Projection performed, 100.00% elems have been shifted.
11/26/2019 14:11:21 INFO 	Optimization step index=130, current object value=0.00450, coefficient descends 0.00276, opt cycle consuming time=0.032.
11/26/2019 14:11:21 INFO 		Projection performed, 100.00% elems have been shifted.
11/26/2019 14:11:21 INFO 	Optimization step index=131, current object value=0.00449, coefficient descends 0.00276, opt cycle consuming time=0.025.
11/26/2019 14:11:21 INFO 		Projection performed, 100.00% elems have been shifted.
11/26/2019 14:11:21 INFO 	Optimization step index=132, current object value=0.00449, coefficient descends 0.00276, opt cycle consuming time=0.025.
11/26/2019 14:11:21 INFO 		Projection performed, 100.00% elems have been shifted.
11/26/2019 14:11:21 INFO 	Optimization step index=133, current object value=0.00449, coefficient descends 0.00276, opt cycle consuming time=0.028.
11/26/2019 14:11:21 INFO 		Projection performed, 100.00% elems have been shifted.
11/26/2019 14:11:21 INFO 	Optimization step index=134, current object value=0.00449, coefficient descends 0.00276, opt cycle consuming time=0.019.
11/26/2019 14:11:21 INFO 		Projection performed, 100.00% elems have been shifted.
11/26/2019 14:11:21 INFO 	Optimization step index=135, current object value=0.00448, coefficient descends 0.00276, opt cycle consuming time=0.019.
11/26/2019 14:11:21 INFO 		Projection performed, 100.00% elems have been shifted.
11/26/2019 14:11:21 INFO 	Optimization step index=136, current object value=0.00448, coefficient descends 0.00276, opt cycle consuming time=0.019.
11/26/2019 14:11:21 INFO 		Projection performed, 100.00% elems have been shifted.
11/26/2019 14:11:21 INFO 	Optimization step index=137, current object value=0.00448, coefficient descends 0.00276, opt cycle consuming time=0.019.
11/26/2019 14:11:21 INFO 		Projection performed, 100.00% elems have been shifted.
11/26/2019 14:11:21 INFO 	Optimization step index=138, current object value=0.00448, coefficient descends 0.00275, opt cycle consuming time=0.017.
11/26/2019 14:11:21 INFO 		Projection performed, 100.00% elems have been shifted.
11/26/2019 14:11:21 INFO 	Optimization step index=139, current object value=0.00447, coefficient descends 0.00275, opt cycle consuming time=0.017.
11/26/2019 14:11:21 INFO 		Projection performed, 100.00% elems have been shifted.
11/26/2019 14:11:21 INFO 	Optimization step index=140, current object value=0.00447, coefficient descends 0.00275, opt cycle consuming time=0.018.
11/26/2019 14:11:21 INFO 		Projection performed, 100.00% elems have been shifted.
11/26/2019 14:11:21 INFO 	Optimization step index=141, current object value=0.00447, coefficient descends 0.00275, opt cycle consuming time=0.019.
11/26/2019 14:11:21 INFO 		Projection performed, 100.00% elems have been shifted.
11/26/2019 14:11:21 INFO 	Optimization step index=142, current object value=0.00447, coefficient descends 0.00275, opt cycle consuming time=0.021.
11/26/2019 14:11:21 INFO 		Projection performed, 100.00% elems have been shifted.
11/26/2019 14:11:21 INFO 	Optimization step index=143, current object value=0.00447, coefficient descends 0.00275, opt cycle consuming time=0.022.
11/26/2019 14:11:21 INFO 		Projection performed, 100.00% elems have been shifted.
11/26/2019 14:11:21 INFO 	Optimization step index=144, current object value=0.00446, coefficient descends 0.00275, opt cycle consuming time=0.022.
11/26/2019 14:11:21 INFO 		Projection performed, 100.00% elems have been shifted.
11/26/2019 14:11:21 INFO 	Optimization step index=145, current object value=0.00446, coefficient descends 0.00275, opt cycle consuming time=0.022.
11/26/2019 14:11:21 INFO 		Projection performed, 100.00% elems have been shifted.
11/26/2019 14:11:21 INFO 	Optimization step index=146, current object value=0.00446, coefficient descends 0.00275, opt cycle consuming time=0.020.
11/26/2019 14:11:21 INFO 		Projection performed, 100.00% elems have been shifted.
11/26/2019 14:11:21 INFO 	Optimization step index=147, current object value=0.00446, coefficient descends 0.00275, opt cycle consuming time=0.020.
11/26/2019 14:11:21 INFO 		Projection performed, 100.00% elems have been shifted.
11/26/2019 14:11:21 INFO 	Optimization step index=148, current object value=0.00446, coefficient descends 0.00275, opt cycle consuming time=0.024.
11/26/2019 14:11:21 INFO 		Projection performed, 100.00% elems have been shifted.
11/26/2019 14:11:21 INFO 	Optimization step index=149, current object value=0.00446, coefficient descends 0.00275, opt cycle consuming time=0.024.
11/26/2019 14:11:21 INFO 		Projection performed, 100.00% elems have been shifted.
11/26/2019 14:11:21 INFO 	Optimization step index=150, current object value=0.00446, coefficient descends 0.00275, opt cycle consuming time=0.022.
11/26/2019 14:11:21 INFO 		Projection performed, 100.00% elems have been shifted.
11/26/2019 14:11:21 INFO 	Optimization step index=151, current object value=0.00446, coefficient descends 0.00275, opt cycle consuming time=0.020.
11/26/2019 14:11:21 INFO 		Projection performed, 100.00% elems have been shifted.
11/26/2019 14:11:21 INFO 	Optimization step index=152, current object value=0.00445, coefficient descends 0.00275, opt cycle consuming time=0.021.
11/26/2019 14:11:21 INFO 		Projection performed, 100.00% elems have been shifted.
11/26/2019 14:11:21 INFO 	Optimization step index=153, current object value=0.00445, coefficient descends 0.00275, opt cycle consuming time=0.022.
11/26/2019 14:11:21 INFO 		Projection performed, 100.00% elems have been shifted.
11/26/2019 14:11:21 INFO 	Optimization step index=154, current object value=0.00445, coefficient descends 0.00275, opt cycle consuming time=0.022.
11/26/2019 14:11:21 INFO 		Projection performed, 100.00% elems have been shifted.
11/26/2019 14:11:21 INFO 	Optimization step index=155, current object value=0.00445, coefficient descends 0.00275, opt cycle consuming time=0.021.
11/26/2019 14:11:21 INFO 		Projection performed, 100.00% elems have been shifted.
11/26/2019 14:11:22 INFO 	Optimization step index=156, current object value=0.00445, coefficient descends 0.00275, opt cycle consuming time=0.021.
11/26/2019 14:11:22 INFO 		Projection performed, 100.00% elems have been shifted.
11/26/2019 14:11:22 INFO 	Optimization step index=157, current object value=0.00445, coefficient descends 0.00275, opt cycle consuming time=0.021.
11/26/2019 14:11:22 INFO 		Projection performed, 100.00% elems have been shifted.
11/26/2019 14:11:22 INFO 	Optimization step index=158, current object value=0.00445, coefficient descends 0.00275, opt cycle consuming time=0.022.
11/26/2019 14:11:22 INFO 		Projection performed, 100.00% elems have been shifted.
11/26/2019 14:11:22 INFO 	Optimization step index=159, current object value=0.00445, coefficient descends 0.00275, opt cycle consuming time=0.020.
11/26/2019 14:11:22 INFO 		Projection performed, 100.00% elems have been shifted.
11/26/2019 14:11:22 INFO 	Optimization step index=160, current object value=0.00445, coefficient descends 0.00275, opt cycle consuming time=0.020.
11/26/2019 14:11:22 INFO 		Projection performed, 100.00% elems have been shifted.
11/26/2019 14:11:22 INFO 	Optimization step index=161, current object value=0.00445, coefficient descends 0.00274, opt cycle consuming time=0.021.
11/26/2019 14:11:22 INFO 		Projection performed, 100.00% elems have been shifted.
11/26/2019 14:11:22 INFO 	Optimization step index=162, current object value=0.00445, coefficient descends 0.00274, opt cycle consuming time=0.020.
11/26/2019 14:11:22 INFO 		Projection performed, 100.00% elems have been shifted.
11/26/2019 14:11:22 INFO 	Optimization step index=163, current object value=0.00445, coefficient descends 0.00274, opt cycle consuming time=0.020.
11/26/2019 14:11:22 INFO 		Projection performed, 100.00% elems have been shifted.
11/26/2019 14:11:22 INFO 	Optimization step index=164, current object value=0.00445, coefficient descends 0.00274, opt cycle consuming time=0.021.
11/26/2019 14:11:22 INFO 		Projection performed, 100.00% elems have been shifted.
11/26/2019 14:11:22 INFO 	Optimization step index=165, current object value=0.00445, coefficient descends 0.00274, opt cycle consuming time=0.022.
11/26/2019 14:11:22 INFO 		Projection performed, 100.00% elems have been shifted.
11/26/2019 14:11:22 INFO 	Optimization step index=166, current object value=0.00445, coefficient descends 0.00274, opt cycle consuming time=0.021.
11/26/2019 14:11:22 INFO 		Projection performed, 100.00% elems have been shifted.
11/26/2019 14:11:22 INFO 	Optimization step index=167, current object value=0.00445, coefficient descends 0.00274, opt cycle consuming time=0.021.
11/26/2019 14:11:22 INFO 		Projection performed, 100.00% elems have been shifted.
11/26/2019 14:11:22 INFO 	Optimization step index=168, current object value=0.00444, coefficient descends 0.00274, opt cycle consuming time=0.021.
11/26/2019 14:11:22 INFO 		Projection performed, 100.00% elems have been shifted.
11/26/2019 14:11:22 INFO 	Optimization step index=169, current object value=0.00444, coefficient descends 0.00274, opt cycle consuming time=0.022.
11/26/2019 14:11:22 INFO 		Projection performed, 100.00% elems have been shifted.
11/26/2019 14:11:22 INFO 	Optimization step index=170, current object value=0.00444, coefficient descends 0.00274, opt cycle consuming time=0.021.
11/26/2019 14:11:22 INFO 		Projection performed, 100.00% elems have been shifted.
11/26/2019 14:11:22 INFO 	Optimization step index=171, current object value=0.00444, coefficient descends 0.00274, opt cycle consuming time=0.022.
11/26/2019 14:11:22 INFO 		Projection performed, 100.00% elems have been shifted.
11/26/2019 14:11:22 INFO 	Optimization step index=172, current object value=0.00444, coefficient descends 0.00274, opt cycle consuming time=0.022.
11/26/2019 14:11:22 INFO 		Projection performed, 100.00% elems have been shifted.
11/26/2019 14:11:22 INFO 	Optimization step index=173, current object value=0.00444, coefficient descends 0.00274, opt cycle consuming time=0.021.
11/26/2019 14:11:22 INFO 		Projection performed, 100.00% elems have been shifted.
11/26/2019 14:11:22 INFO 	Optimization step index=174, current object value=0.00444, coefficient descends 0.00274, opt cycle consuming time=0.019.
11/26/2019 14:11:22 INFO 		Projection performed, 100.00% elems have been shifted.
11/26/2019 14:11:22 INFO 	Optimization step index=175, current object value=0.00444, coefficient descends 0.00274, opt cycle consuming time=0.021.
11/26/2019 14:11:22 INFO 		Projection performed, 100.00% elems have been shifted.
11/26/2019 14:11:22 INFO 	Optimization step index=176, current object value=0.00444, coefficient descends 0.00274, opt cycle consuming time=0.022.
11/26/2019 14:11:22 INFO 		Projection performed, 100.00% elems have been shifted.
11/26/2019 14:11:22 INFO 	Optimization step index=177, current object value=0.00444, coefficient descends 0.00274, opt cycle consuming time=0.021.
11/26/2019 14:11:22 INFO 		Projection performed, 100.00% elems have been shifted.
11/26/2019 14:11:22 INFO 	Optimization step index=178, current object value=0.00444, coefficient descends 0.00274, opt cycle consuming time=0.021.
11/26/2019 14:11:22 INFO 		Projection performed, 100.00% elems have been shifted.
11/26/2019 14:11:22 INFO 	Optimization step index=179, current object value=0.00444, coefficient descends 0.00274, opt cycle consuming time=0.021.
11/26/2019 14:11:22 INFO 		Projection performed, 100.00% elems have been shifted.
11/26/2019 14:11:22 INFO 	Optimization step index=180, current object value=0.00444, coefficient descends 0.00274, opt cycle consuming time=0.021.
11/26/2019 14:11:22 INFO 		Projection performed, 100.00% elems have been shifted.
11/26/2019 14:11:22 INFO 	Optimization step index=181, current object value=0.00444, coefficient descends 0.00274, opt cycle consuming time=0.021.
11/26/2019 14:11:22 INFO 		Projection performed, 100.00% elems have been shifted.
11/26/2019 14:11:22 INFO 	Optimization step index=182, current object value=0.00444, coefficient descends 0.00274, opt cycle consuming time=0.021.
11/26/2019 14:11:22 INFO 		Projection performed, 100.00% elems have been shifted.
11/26/2019 14:11:22 INFO 	Optimization step index=183, current object value=0.00444, coefficient descends 0.00274, opt cycle consuming time=0.021.
11/26/2019 14:11:22 INFO 		Projection performed, 100.00% elems have been shifted.
11/26/2019 14:11:22 INFO 	Optimization step index=184, current object value=0.00444, coefficient descends 0.00274, opt cycle consuming time=0.021.
11/26/2019 14:11:22 INFO 		Projection performed, 100.00% elems have been shifted.
11/26/2019 14:11:22 INFO 	Optimization step index=185, current object value=0.00444, coefficient descends 0.00274, opt cycle consuming time=0.020.
11/26/2019 14:11:22 INFO 		Projection performed, 100.00% elems have been shifted.
11/26/2019 14:11:22 INFO 	Optimization step index=186, current object value=0.00444, coefficient descends 0.00274, opt cycle consuming time=0.017.
11/26/2019 14:11:22 INFO 		Projection performed, 100.00% elems have been shifted.
11/26/2019 14:11:22 INFO 	Optimization step index=187, current object value=0.00444, coefficient descends 0.00274, opt cycle consuming time=0.018.
11/26/2019 14:11:22 INFO 		Projection performed, 100.00% elems have been shifted.
11/26/2019 14:11:22 INFO 	Optimization step index=188, current object value=0.00444, coefficient descends 0.00274, opt cycle consuming time=0.017.
11/26/2019 14:11:22 INFO 		Projection performed, 100.00% elems have been shifted.
11/26/2019 14:11:22 INFO 	Optimization step index=189, current object value=0.00444, coefficient descends 0.00274, opt cycle consuming time=0.017.
11/26/2019 14:11:22 INFO 		Projection performed, 100.00% elems have been shifted.
11/26/2019 14:11:22 INFO 	Optimization step index=190, current object value=0.00444, coefficient descends 0.00274, opt cycle consuming time=0.022.
11/26/2019 14:11:22 INFO 		Projection performed, 100.00% elems have been shifted.
11/26/2019 14:11:22 INFO 	Optimization step index=191, current object value=0.00444, coefficient descends 0.00274, opt cycle consuming time=0.020.
11/26/2019 14:11:22 INFO 		Projection performed, 100.00% elems have been shifted.
11/26/2019 14:11:22 INFO 	Optimization step index=192, current object value=0.00444, coefficient descends 0.00274, opt cycle consuming time=0.022.
11/26/2019 14:11:22 INFO 		Projection performed, 100.00% elems have been shifted.
11/26/2019 14:11:22 INFO 	Optimization step index=193, current object value=0.00444, coefficient descends 0.00274, opt cycle consuming time=0.023.
11/26/2019 14:11:22 INFO 		Projection performed, 100.00% elems have been shifted.
11/26/2019 14:11:22 INFO 	Optimization step index=194, current object value=0.00443, coefficient descends 0.00274, opt cycle consuming time=0.021.
11/26/2019 14:11:22 INFO 		Projection performed, 100.00% elems have been shifted.
11/26/2019 14:11:22 INFO 	Optimization step index=195, current object value=0.00443, coefficient descends 0.00274, opt cycle consuming time=0.021.
11/26/2019 14:11:22 INFO 		Projection performed, 100.00% elems have been shifted.
11/26/2019 14:11:22 INFO 	Optimization step index=196, current object value=0.00443, coefficient descends 0.00274, opt cycle consuming time=0.022.
11/26/2019 14:11:22 INFO 		Projection performed, 100.00% elems have been shifted.
11/26/2019 14:11:22 INFO 	Optimization step index=197, current object value=0.00443, coefficient descends 0.00274, opt cycle consuming time=0.021.
11/26/2019 14:11:22 INFO 		Projection performed, 100.00% elems have been shifted.
11/26/2019 14:11:22 INFO 	Optimization step index=198, current object value=0.00443, coefficient descends 0.00274, opt cycle consuming time=0.023.
11/26/2019 14:11:22 INFO 		Projection performed, 100.00% elems have been shifted.
11/26/2019 14:11:22 INFO 	Optimization step index=199, current object value=0.00443, coefficient descends 0.00274, opt cycle consuming time=0.021.
11/26/2019 14:11:22 INFO 		Projection performed, 100.00% elems have been shifted.
11/26/2019 14:11:22 INFO 	Optimization step index=200, current object value=0.00443, coefficient descends 0.00274, opt cycle consuming time=0.022.
11/26/2019 14:11:22 INFO 		Projection performed, 100.00% elems have been shifted.
11/26/2019 14:11:22 INFO 	Optimization step index=201, current object value=0.00443, coefficient descends 0.00274, opt cycle consuming time=0.021.
11/26/2019 14:11:22 INFO 		Projection performed, 100.00% elems have been shifted.
11/26/2019 14:11:22 INFO 	Optimization step index=202, current object value=0.00443, coefficient descends 0.00274, opt cycle consuming time=0.021.
11/26/2019 14:11:22 INFO 		Projection performed, 100.00% elems have been shifted.
11/26/2019 14:11:22 INFO 	Optimization step index=203, current object value=0.00443, coefficient descends 0.00274, opt cycle consuming time=0.021.
11/26/2019 14:11:22 INFO 		Projection performed, 100.00% elems have been shifted.
11/26/2019 14:11:23 INFO 	Optimization step index=204, current object value=0.00443, coefficient descends 0.00274, opt cycle consuming time=0.020.
11/26/2019 14:11:23 INFO 		Projection performed, 100.00% elems have been shifted.
11/26/2019 14:11:23 INFO 	Optimization step index=205, current object value=0.00443, coefficient descends 0.00274, opt cycle consuming time=0.022.
11/26/2019 14:11:23 INFO 		Projection performed, 100.00% elems have been shifted.
11/26/2019 14:11:23 INFO 	Optimization step index=206, current object value=0.00443, coefficient descends 0.00274, opt cycle consuming time=0.021.
11/26/2019 14:11:23 INFO 		Projection performed, 100.00% elems have been shifted.
11/26/2019 14:11:23 INFO 	Optimization step index=207, current object value=0.00443, coefficient descends 0.00274, opt cycle consuming time=0.021.
11/26/2019 14:11:23 INFO 		Projection performed, 100.00% elems have been shifted.
11/26/2019 14:11:23 INFO 	Optimization step index=208, current object value=0.00443, coefficient descends 0.00274, opt cycle consuming time=0.022.
11/26/2019 14:11:23 INFO 		Projection performed, 100.00% elems have been shifted.
11/26/2019 14:11:23 INFO 	Optimization step index=209, current object value=0.00443, coefficient descends 0.00274, opt cycle consuming time=0.020.
11/26/2019 14:11:23 INFO 		Projection performed, 100.00% elems have been shifted.
11/26/2019 14:11:23 INFO 	Optimization step index=210, current object value=0.00443, coefficient descends 0.00274, opt cycle consuming time=0.021.
11/26/2019 14:11:23 INFO 		Projection performed, 100.00% elems have been shifted.
11/26/2019 14:11:23 INFO 	Optimization step index=211, current object value=0.00443, coefficient descends 0.00274, opt cycle consuming time=0.021.
11/26/2019 14:11:23 INFO 		Projection performed, 100.00% elems have been shifted.
11/26/2019 14:11:23 INFO 	Optimization step index=212, current object value=0.00443, coefficient descends 0.00274, opt cycle consuming time=0.021.
11/26/2019 14:11:23 INFO 		Projection performed, 100.00% elems have been shifted.
11/26/2019 14:11:23 INFO 	Optimization step index=213, current object value=0.00443, coefficient descends 0.00274, opt cycle consuming time=0.021.
11/26/2019 14:11:23 INFO 		Projection performed, 100.00% elems have been shifted.
11/26/2019 14:11:23 INFO 	Optimization step index=214, current object value=0.00443, coefficient descends 0.00274, opt cycle consuming time=0.021.
11/26/2019 14:11:23 INFO 		Projection performed, 100.00% elems have been shifted.
11/26/2019 14:11:23 INFO 	Optimization step index=215, current object value=0.00443, coefficient descends 0.00274, opt cycle consuming time=0.019.
11/26/2019 14:11:23 INFO 		Projection performed, 100.00% elems have been shifted.
11/26/2019 14:11:23 INFO 	Optimization step index=216, current object value=0.00443, coefficient descends 0.00274, opt cycle consuming time=0.021.
11/26/2019 14:11:23 INFO 		Projection performed, 100.00% elems have been shifted.
11/26/2019 14:11:23 INFO 	Optimization step index=217, current object value=0.00443, coefficient descends 0.00274, opt cycle consuming time=0.020.
11/26/2019 14:11:23 INFO 		Projection performed, 100.00% elems have been shifted.
11/26/2019 14:11:23 INFO 	Optimization step index=218, current object value=0.00443, coefficient descends 0.00274, opt cycle consuming time=0.020.
11/26/2019 14:11:23 INFO 		Projection performed, 100.00% elems have been shifted.
11/26/2019 14:11:23 INFO 	Optimization step index=219, current object value=0.00443, coefficient descends 0.00274, opt cycle consuming time=0.019.
11/26/2019 14:11:23 INFO 		Projection performed, 100.00% elems have been shifted.
11/26/2019 14:11:23 INFO 	Optimization step index=220, current object value=0.00443, coefficient descends 0.00274, opt cycle consuming time=0.021.
11/26/2019 14:11:23 INFO 		Projection performed, 100.00% elems have been shifted.
11/26/2019 14:11:23 INFO 	Optimization step index=221, current object value=0.00443, coefficient descends 0.00274, opt cycle consuming time=0.021.
11/26/2019 14:11:23 INFO 		Projection performed, 100.00% elems have been shifted.
11/26/2019 14:11:23 INFO 	Optimization step index=222, current object value=0.00443, coefficient descends 0.00274, opt cycle consuming time=0.021.
11/26/2019 14:11:23 INFO 		Projection performed, 100.00% elems have been shifted.
11/26/2019 14:11:23 INFO 	Optimization step index=223, current object value=0.00443, coefficient descends 0.00274, opt cycle consuming time=0.022.
11/26/2019 14:11:23 INFO 		Projection performed, 100.00% elems have been shifted.
11/26/2019 14:11:23 INFO 	Optimization step index=224, current object value=0.00443, coefficient descends 0.00274, opt cycle consuming time=0.023.
11/26/2019 14:11:23 INFO 		Projection performed, 100.00% elems have been shifted.
11/26/2019 14:11:23 INFO 	Optimization step index=225, current object value=0.00443, coefficient descends 0.00274, opt cycle consuming time=0.022.
11/26/2019 14:11:23 INFO 		Projection performed, 100.00% elems have been shifted.
11/26/2019 14:11:23 INFO 	Optimization step index=226, current object value=0.00443, coefficient descends 0.00274, opt cycle consuming time=0.022.
11/26/2019 14:11:23 INFO 		Projection performed, 100.00% elems have been shifted.
11/26/2019 14:11:23 INFO 	Optimization step index=227, current object value=0.00443, coefficient descends 0.00274, opt cycle consuming time=0.020.
11/26/2019 14:11:23 INFO 		Projection performed, 100.00% elems have been shifted.
11/26/2019 14:11:23 INFO 	Optimization step index=228, current object value=0.00443, coefficient descends 0.00274, opt cycle consuming time=0.022.
11/26/2019 14:11:23 INFO 		Projection performed, 100.00% elems have been shifted.
11/26/2019 14:11:23 INFO 	Optimization step index=229, current object value=0.00443, coefficient descends 0.00274, opt cycle consuming time=0.021.
11/26/2019 14:11:23 INFO 		Projection performed, 100.00% elems have been shifted.
11/26/2019 14:11:23 INFO 	Optimization step index=230, current object value=0.00443, coefficient descends 0.00274, opt cycle consuming time=0.021.
11/26/2019 14:11:23 INFO 		Projection performed, 100.00% elems have been shifted.
11/26/2019 14:11:23 INFO 	Optimization step index=231, current object value=0.00443, coefficient descends 0.00274, opt cycle consuming time=0.021.
11/26/2019 14:11:23 INFO 		Projection performed, 100.00% elems have been shifted.
11/26/2019 14:11:23 INFO 	Optimization step index=232, current object value=0.00443, coefficient descends 0.00274, opt cycle consuming time=0.020.
11/26/2019 14:11:23 INFO 		Projection performed, 100.00% elems have been shifted.
11/26/2019 14:11:23 INFO 	Optimization step index=233, current object value=0.00443, coefficient descends 0.00273, opt cycle consuming time=0.021.
11/26/2019 14:11:23 INFO 		Projection performed, 100.00% elems have been shifted.
11/26/2019 14:11:23 INFO 	Optimization step index=234, current object value=0.00443, coefficient descends 0.00273, opt cycle consuming time=0.022.
11/26/2019 14:11:23 INFO 		Projection performed, 100.00% elems have been shifted.
11/26/2019 14:11:23 INFO 	Optimization step index=235, current object value=0.00443, coefficient descends 0.00273, opt cycle consuming time=0.021.
11/26/2019 14:11:23 INFO 		Projection performed, 100.00% elems have been shifted.
11/26/2019 14:11:23 INFO 	Optimization step index=236, current object value=0.00443, coefficient descends 0.00273, opt cycle consuming time=0.021.
11/26/2019 14:11:23 INFO 		Projection performed, 100.00% elems have been shifted.
11/26/2019 14:11:23 INFO 	Optimization step index=237, current object value=0.00443, coefficient descends 0.00273, opt cycle consuming time=0.019.
11/26/2019 14:11:23 INFO 		Projection performed, 100.00% elems have been shifted.
11/26/2019 14:11:23 INFO 	Optimization step index=238, current object value=0.00443, coefficient descends 0.00273, opt cycle consuming time=0.021.
11/26/2019 14:11:23 INFO 		Projection performed, 100.00% elems have been shifted.
11/26/2019 14:11:23 INFO 	Optimization step index=239, current object value=0.00443, coefficient descends 0.00273, opt cycle consuming time=0.021.
11/26/2019 14:11:23 INFO 		Projection performed, 100.00% elems have been shifted.
11/26/2019 14:11:23 INFO 	Optimization step index=240, current object value=0.00443, coefficient descends 0.00273, opt cycle consuming time=0.021.
11/26/2019 14:11:23 INFO 		Projection performed, 100.00% elems have been shifted.
11/26/2019 14:11:23 INFO 	Optimization step index=241, current object value=0.00443, coefficient descends 0.00273, opt cycle consuming time=0.021.
11/26/2019 14:11:23 INFO 		Projection performed, 100.00% elems have been shifted.
11/26/2019 14:11:23 INFO 	Optimization step index=242, current object value=0.00443, coefficient descends 0.00273, opt cycle consuming time=0.021.
11/26/2019 14:11:23 INFO 		Projection performed, 100.00% elems have been shifted.
11/26/2019 14:11:23 INFO 	Optimization step index=243, current object value=0.00443, coefficient descends 0.00273, opt cycle consuming time=0.020.
11/26/2019 14:11:23 INFO 		Projection performed, 100.00% elems have been shifted.
11/26/2019 14:11:23 INFO 	Optimization step index=244, current object value=0.00443, coefficient descends 0.00273, opt cycle consuming time=0.021.
11/26/2019 14:11:23 INFO 		Projection performed, 100.00% elems have been shifted.
11/26/2019 14:11:23 INFO 	Optimization step index=245, current object value=0.00443, coefficient descends 0.00273, opt cycle consuming time=0.021.
11/26/2019 14:11:23 INFO 		Projection performed, 100.00% elems have been shifted.
11/26/2019 14:11:23 INFO 	Optimization step index=246, current object value=0.00443, coefficient descends 0.00273, opt cycle consuming time=0.021.
11/26/2019 14:11:23 INFO 		Projection performed, 100.00% elems have been shifted.
11/26/2019 14:11:23 INFO 	Optimization step index=247, current object value=0.00443, coefficient descends 0.00273, opt cycle consuming time=0.022.
11/26/2019 14:11:23 INFO 		Projection performed, 100.00% elems have been shifted.
11/26/2019 14:11:23 INFO 	Optimization step index=248, current object value=0.00443, coefficient descends 0.00273, opt cycle consuming time=0.022.
11/26/2019 14:11:23 INFO 		Projection performed, 100.00% elems have been shifted.
11/26/2019 14:11:23 INFO 	Optimization step index=249, current object value=0.00443, coefficient descends 0.00273, opt cycle consuming time=0.021.
11/26/2019 14:11:23 INFO 		Projection performed, 100.00% elems have been shifted.
11/26/2019 14:11:23 INFO 	Optimization step index=250, current object value=0.00443, coefficient descends 0.00273, opt cycle consuming time=0.022.
11/26/2019 14:11:23 INFO 		Projection performed, 100.00% elems have been shifted.
11/26/2019 14:11:24 INFO 	Optimization step index=251, current object value=0.00443, coefficient descends 0.00273, opt cycle consuming time=0.022.
11/26/2019 14:11:24 INFO 		Projection performed, 100.00% elems have been shifted.
11/26/2019 14:11:24 INFO 	Optimization step index=252, current object value=0.00443, coefficient descends 0.00273, opt cycle consuming time=0.022.
11/26/2019 14:11:24 INFO 		Projection performed, 100.00% elems have been shifted.
11/26/2019 14:11:24 INFO 	Optimization step index=253, current object value=0.00443, coefficient descends 0.00273, opt cycle consuming time=0.019.
11/26/2019 14:11:24 INFO 		Projection performed, 100.00% elems have been shifted.
11/26/2019 14:11:24 INFO 	Optimization step index=254, current object value=0.00443, coefficient descends 0.00273, opt cycle consuming time=0.021.
11/26/2019 14:11:24 INFO 		Projection performed, 100.00% elems have been shifted.
11/26/2019 14:11:24 INFO 	Optimization step index=255, current object value=0.00443, coefficient descends 0.00273, opt cycle consuming time=0.020.
11/26/2019 14:11:24 INFO 		Projection performed, 100.00% elems have been shifted.
11/26/2019 14:11:24 INFO 	Optimization step index=256, current object value=0.00443, coefficient descends 0.00273, opt cycle consuming time=0.021.
11/26/2019 14:11:24 INFO 		Projection performed, 100.00% elems have been shifted.
11/26/2019 14:11:24 INFO 	Optimization step index=257, current object value=0.00443, coefficient descends 0.00273, opt cycle consuming time=0.020.
11/26/2019 14:11:24 INFO 		Projection performed, 100.00% elems have been shifted.
11/26/2019 14:11:24 INFO 	Optimization step index=258, current object value=0.00443, coefficient descends 0.00273, opt cycle consuming time=0.020.
11/26/2019 14:11:24 INFO 		Projection performed, 100.00% elems have been shifted.
11/26/2019 14:11:24 INFO 	Optimization step index=259, current object value=0.00443, coefficient descends 0.00273, opt cycle consuming time=0.022.
11/26/2019 14:11:24 INFO 		Projection performed, 100.00% elems have been shifted.
11/26/2019 14:11:24 INFO 	Optimization step index=260, current object value=0.00443, coefficient descends 0.00273, opt cycle consuming time=0.020.
11/26/2019 14:11:24 INFO 		Projection performed, 100.00% elems have been shifted.
11/26/2019 14:11:24 INFO 	Optimization step index=261, current object value=0.00443, coefficient descends 0.00273, opt cycle consuming time=0.021.
11/26/2019 14:11:24 INFO 		Projection performed, 100.00% elems have been shifted.
11/26/2019 14:11:24 INFO 	Optimization step index=262, current object value=0.00443, coefficient descends 0.00273, opt cycle consuming time=0.020.
11/26/2019 14:11:24 INFO 		Projection performed, 100.00% elems have been shifted.
11/26/2019 14:11:24 INFO 	Optimization step index=263, current object value=0.00443, coefficient descends 0.00273, opt cycle consuming time=0.020.
11/26/2019 14:11:24 INFO 		Projection performed, 100.00% elems have been shifted.
11/26/2019 14:11:24 INFO 	Optimization step index=264, current object value=0.00443, coefficient descends 0.00273, opt cycle consuming time=0.020.
11/26/2019 14:11:24 INFO 		Projection performed, 100.00% elems have been shifted.
11/26/2019 14:11:24 INFO 	Optimization step index=265, current object value=0.00443, coefficient descends 0.00273, opt cycle consuming time=0.020.
11/26/2019 14:11:24 INFO 		Projection performed, 100.00% elems have been shifted.
11/26/2019 14:11:24 INFO 	Optimization step index=266, current object value=0.00443, coefficient descends 0.00273, opt cycle consuming time=0.021.
11/26/2019 14:11:24 INFO 		Projection performed, 100.00% elems have been shifted.
11/26/2019 14:11:24 INFO 	Optimization step index=267, current object value=0.00443, coefficient descends 0.00273, opt cycle consuming time=0.021.
11/26/2019 14:11:24 INFO 		Projection performed, 100.00% elems have been shifted.
11/26/2019 14:11:24 INFO 	Optimization step index=268, current object value=0.00443, coefficient descends 0.00273, opt cycle consuming time=0.020.
11/26/2019 14:11:24 INFO 		Projection performed, 100.00% elems have been shifted.
11/26/2019 14:11:24 INFO 	Optimization step index=269, current object value=0.00443, coefficient descends 0.00273, opt cycle consuming time=0.018.
11/26/2019 14:11:24 INFO 		Projection performed, 100.00% elems have been shifted.
11/26/2019 14:11:24 INFO 	Optimization step index=270, current object value=0.00443, coefficient descends 0.00273, opt cycle consuming time=0.017.
11/26/2019 14:11:24 INFO 		Projection performed, 100.00% elems have been shifted.
11/26/2019 14:11:24 INFO 	Optimization step index=271, current object value=0.00443, coefficient descends 0.00273, opt cycle consuming time=0.021.
11/26/2019 14:11:24 INFO 		Projection performed, 100.00% elems have been shifted.
11/26/2019 14:11:24 INFO 	Optimization step index=272, current object value=0.00442, coefficient descends 0.00273, opt cycle consuming time=0.021.
11/26/2019 14:11:24 INFO 		Projection performed, 100.00% elems have been shifted.
11/26/2019 14:11:24 INFO 	Optimization step index=273, current object value=0.00442, coefficient descends 0.00273, opt cycle consuming time=0.020.
11/26/2019 14:11:24 INFO 		Projection performed, 100.00% elems have been shifted.
11/26/2019 14:11:24 INFO 	Optimization step index=274, current object value=0.00442, coefficient descends 0.00273, opt cycle consuming time=0.021.
11/26/2019 14:11:24 INFO 		Projection performed, 100.00% elems have been shifted.
11/26/2019 14:11:24 INFO 	Optimization step index=275, current object value=0.00442, coefficient descends 0.00273, opt cycle consuming time=0.019.
11/26/2019 14:11:24 INFO 		Projection performed, 100.00% elems have been shifted.
11/26/2019 14:11:24 INFO 	Optimization step index=276, current object value=0.00442, coefficient descends 0.00273, opt cycle consuming time=0.019.
11/26/2019 14:11:24 INFO 		Projection performed, 100.00% elems have been shifted.
11/26/2019 14:11:24 INFO 	Optimization step index=277, current object value=0.00442, coefficient descends 0.00273, opt cycle consuming time=0.021.
11/26/2019 14:11:24 INFO 		Projection performed, 100.00% elems have been shifted.
11/26/2019 14:11:24 INFO 	Optimization step index=278, current object value=0.00442, coefficient descends 0.00273, opt cycle consuming time=0.021.
11/26/2019 14:11:24 INFO 		Projection performed, 100.00% elems have been shifted.
11/26/2019 14:11:24 INFO 	Optimization step index=279, current object value=0.00442, coefficient descends 0.00273, opt cycle consuming time=0.016.
11/26/2019 14:11:24 INFO 		Projection performed, 100.00% elems have been shifted.
11/26/2019 14:11:24 INFO 	Optimization step index=280, current object value=0.00442, coefficient descends 0.00273, opt cycle consuming time=0.016.
11/26/2019 14:11:24 INFO 		Projection performed, 100.00% elems have been shifted.
11/26/2019 14:11:24 INFO 	Optimization step index=281, current object value=0.00442, coefficient descends 0.00273, opt cycle consuming time=0.018.
11/26/2019 14:11:24 INFO 		Projection performed, 100.00% elems have been shifted.
11/26/2019 14:11:24 INFO 	Optimization step index=282, current object value=0.00442, coefficient descends 0.00273, opt cycle consuming time=0.019.
11/26/2019 14:11:24 INFO 		Projection performed, 100.00% elems have been shifted.
11/26/2019 14:11:24 INFO 	Optimization step index=283, current object value=0.00442, coefficient descends 0.00273, opt cycle consuming time=0.021.
11/26/2019 14:11:24 INFO 		Projection performed, 100.00% elems have been shifted.
11/26/2019 14:11:24 INFO 	Optimization step index=284, current object value=0.00442, coefficient descends 0.00273, opt cycle consuming time=0.020.
11/26/2019 14:11:24 INFO 		Projection performed, 100.00% elems have been shifted.
11/26/2019 14:11:24 INFO 	Optimization step index=285, current object value=0.00442, coefficient descends 0.00273, opt cycle consuming time=0.021.
11/26/2019 14:11:24 INFO 		Projection performed, 100.00% elems have been shifted.
11/26/2019 14:11:24 INFO 	Optimization step index=286, current object value=0.00442, coefficient descends 0.00273, opt cycle consuming time=0.020.
11/26/2019 14:11:24 INFO 		Projection performed, 100.00% elems have been shifted.
11/26/2019 14:11:24 INFO 	Optimization step index=287, current object value=0.00442, coefficient descends 0.00273, opt cycle consuming time=0.021.
11/26/2019 14:11:24 INFO 		Projection performed, 100.00% elems have been shifted.
11/26/2019 14:11:24 INFO 	Optimization step index=288, current object value=0.00442, coefficient descends 0.00273, opt cycle consuming time=0.020.
11/26/2019 14:11:24 INFO 		Projection performed, 100.00% elems have been shifted.
11/26/2019 14:11:24 INFO 	Optimization step index=289, current object value=0.00442, coefficient descends 0.00273, opt cycle consuming time=0.022.
11/26/2019 14:11:24 INFO 		Projection performed, 100.00% elems have been shifted.
11/26/2019 14:11:24 INFO 	Optimization step index=290, current object value=0.00442, coefficient descends 0.00273, opt cycle consuming time=0.021.
11/26/2019 14:11:24 INFO 		Projection performed, 100.00% elems have been shifted.
11/26/2019 14:11:24 INFO 	Optimization step index=291, current object value=0.00442, coefficient descends 0.00273, opt cycle consuming time=0.021.
11/26/2019 14:11:24 INFO 		Projection performed, 100.00% elems have been shifted.
11/26/2019 14:11:24 INFO 	Optimization step index=292, current object value=0.00442, coefficient descends 0.00273, opt cycle consuming time=0.021.
11/26/2019 14:11:24 INFO 		Projection performed, 100.00% elems have been shifted.
11/26/2019 14:11:24 INFO 	Optimization step index=293, current object value=0.00442, coefficient descends 0.00273, opt cycle consuming time=0.019.
11/26/2019 14:11:24 INFO 		Projection performed, 100.00% elems have been shifted.
11/26/2019 14:11:24 INFO 	Optimization step index=294, current object value=0.00442, coefficient descends 0.00273, opt cycle consuming time=0.020.
11/26/2019 14:11:24 INFO 		Projection performed, 100.00% elems have been shifted.
11/26/2019 14:11:24 INFO 	Optimization step index=295, current object value=0.00442, coefficient descends 0.00273, opt cycle consuming time=0.022.
11/26/2019 14:11:24 INFO 		Projection performed, 100.00% elems have been shifted.
11/26/2019 14:11:24 INFO 	Optimization step index=296, current object value=0.00442, coefficient descends 0.00273, opt cycle consuming time=0.020.
11/26/2019 14:11:24 INFO 		Projection performed, 100.00% elems have been shifted.
11/26/2019 14:11:24 INFO 	Optimization step index=297, current object value=0.00442, coefficient descends 0.00273, opt cycle consuming time=0.019.
11/26/2019 14:11:24 INFO 		Projection performed, 100.00% elems have been shifted.
11/26/2019 14:11:24 INFO 	Optimization step index=298, current object value=0.00442, coefficient descends 0.00273, opt cycle consuming time=0.021.
11/26/2019 14:11:24 INFO 		Projection performed, 100.00% elems have been shifted.
11/26/2019 14:11:24 INFO 	Optimization step index=299, current object value=0.00442, coefficient descends 0.00273, opt cycle consuming time=0.019.
11/26/2019 14:11:24 INFO 		Projection performed, 100.00% elems have been shifted.
11/26/2019 14:11:25 INFO 		Projection performed, 100.00% elems have been shifted.
11/26/2019 14:11:25 INFO 		Projection performed, 100.00% elems have been shifted.
11/26/2019 14:11:25 INFO 		Projection performed, 100.00% elems have been shifted.
11/26/2019 14:11:25 INFO 	Optimization step index=300, current object value=0.00442, coefficient descends 0.00004, opt cycle consuming time=0.078.
11/26/2019 14:11:25 INFO 		Projection performed, 100.00% elems have been shifted.
11/26/2019 14:11:25 INFO 		Projection performed, 100.00% elems have been shifted.
11/26/2019 14:11:25 INFO 		Projection performed, 100.00% elems have been shifted.
11/26/2019 14:11:25 INFO 		Projection performed, 100.00% elems have been shifted.
11/26/2019 14:11:25 INFO 		Projection performed, 100.00% elems have been shifted.
11/26/2019 14:11:25 INFO 	Optimization process ends successfully.
