11/26/2019 14:09:04 INFO 	Go Go Go!
11/26/2019 14:09:04 INFO 	Add a homogenized solution reference.
11/26/2019 14:09:04 INFO 	Add a homogenized solution reference.
11/26/2019 14:09:04 INFO 	Add a homogenized solution reference.
11/26/2019 14:09:04 INFO 	Add a homogenized solution reference.
11/26/2019 14:09:04 INFO 		Projection performed, 100.00% elems have been shifted.
11/26/2019 14:09:04 INFO 		Projection performed, 100.00% elems have been shifted.
11/26/2019 14:09:04 INFO 		Projection performed, 100.00% elems have been shifted.
11/26/2019 14:09:04 INFO 	Optimization step index=0, current object value=0.00449, coefficient descends 0.00029, opt cycle consuming time=0.098.
11/26/2019 14:09:04 INFO 		Projection performed, 100.00% elems have been shifted.
11/26/2019 14:09:04 INFO 		Projection performed, 100.00% elems have been shifted.
11/26/2019 14:09:04 INFO 		Projection performed, 100.00% elems have been shifted.
11/26/2019 14:09:04 INFO 		Projection performed, 100.00% elems have been shifted.
11/26/2019 14:09:05 INFO 	Optimization step index=1, current object value=0.00449, coefficient descends 0.00004, opt cycle consuming time=0.065.
11/26/2019 14:09:05 INFO 		Projection performed, 100.00% elems have been shifted.
11/26/2019 14:09:05 INFO 		Projection performed, 100.00% elems have been shifted.
11/26/2019 14:09:05 INFO 		Projection performed, 100.00% elems have been shifted.
11/26/2019 14:09:05 INFO 		Projection performed, 100.00% elems have been shifted.
11/26/2019 14:09:05 INFO 		Projection performed, 100.00% elems have been shifted.
11/26/2019 14:09:05 INFO 	Optimization process ends successfully.
